2020-07-09 22:36:12,881 ERROR: Start api services error log [in /home/kadajko/code/python/fruit-store/fruitst/__init__.py:60]
2020-07-09 22:36:12,881 ERROR: Start api services error log [in /home/kadajko/code/python/fruit-store/fruitst/__init__.py:60]
2020-07-09 22:36:13,632 ERROR: Start api services error log [in /home/kadajko/code/python/fruit-store/fruitst/__init__.py:60]
2020-07-09 22:36:13,632 ERROR: Start api services error log [in /home/kadajko/code/python/fruit-store/fruitst/__init__.py:60]
2020-07-09 22:36:19,495 ERROR: Start api services error log [in /home/kadajko/code/python/fruit-store/fruitst/__init__.py:56]
2020-07-09 22:36:19,495 ERROR: Start api services error log [in /home/kadajko/code/python/fruit-store/fruitst/__init__.py:56]
2020-07-09 22:38:57,704 ERROR: Start api services error log [in /home/kadajko/code/python/fruit-store/fruitst/__init__.py:56]
2020-07-09 22:38:57,704 ERROR: Start api services error log [in /home/kadajko/code/python/fruit-store/fruitst/__init__.py:56]
2020-07-09 22:39:19,952 ERROR: Start api services error log [in /home/kadajko/code/python/fruit-store/fruitst/__init__.py:56]
2020-07-09 22:39:19,952 ERROR: Start api services error log [in /home/kadajko/code/python/fruit-store/fruitst/__init__.py:56]
2020-07-09 22:43:35,600 ERROR: Start api services error log [in /home/kadajko/code/python/fruit-store/fruitst/__init__.py:54]
2020-07-09 22:43:35,600 ERROR: Start api services error log [in /home/kadajko/code/python/fruit-store/fruitst/__init__.py:54]
2020-07-09 23:44:32,491 ERROR: Start api services error log [in /home/kadajko/code/python/fruit-store/fruitst/__init__.py:53]
2020-07-09 23:44:32,491 ERROR: Start api services error log [in /home/kadajko/code/python/fruit-store/fruitst/__init__.py:53]
2020-07-09 23:44:33,357 ERROR: Start api services error log [in /home/kadajko/code/python/fruit-store/fruitst/__init__.py:53]
2020-07-09 23:44:33,357 ERROR: Start api services error log [in /home/kadajko/code/python/fruit-store/fruitst/__init__.py:53]
2020-07-09 23:51:51,016 ERROR: Start api services error log [in /home/kadajko/code/python/fruit-store/fruitst/__init__.py:53]
2020-07-09 23:51:51,016 ERROR: Start api services error log [in /home/kadajko/code/python/fruit-store/fruitst/__init__.py:53]
2020-07-09 23:52:03,181 ERROR: Start api services error log [in /home/kadajko/code/python/fruit-store/fruitst/__init__.py:53]
2020-07-09 23:52:03,181 ERROR: Start api services error log [in /home/kadajko/code/python/fruit-store/fruitst/__init__.py:53]
2020-07-09 23:52:31,982 ERROR: Start api services error log [in /home/kadajko/code/python/fruit-store/fruitst/__init__.py:53]
2020-07-09 23:52:31,982 ERROR: Start api services error log [in /home/kadajko/code/python/fruit-store/fruitst/__init__.py:53]
2020-07-09 23:52:32,843 ERROR: Start api services error log [in /home/kadajko/code/python/fruit-store/fruitst/__init__.py:53]
2020-07-09 23:52:32,843 ERROR: Start api services error log [in /home/kadajko/code/python/fruit-store/fruitst/__init__.py:53]
2020-07-09 23:53:22,444 ERROR: Start api services error log [in /home/kadajko/code/python/fruit-store/fruitst/__init__.py:53]
2020-07-09 23:53:22,444 ERROR: Start api services error log [in /home/kadajko/code/python/fruit-store/fruitst/__init__.py:53]
2020-07-09 23:53:29,004 ERROR: Start api services error log [in /home/kadajko/code/python/fruit-store/fruitst/__init__.py:53]
2020-07-09 23:53:29,004 ERROR: Start api services error log [in /home/kadajko/code/python/fruit-store/fruitst/__init__.py:53]
2020-07-10 00:17:46,994 ERROR: Start api services error log [in /home/kadajko/code/python/fruit-store/fruitst/__init__.py:53]
2020-07-10 00:17:46,994 ERROR: Start api services error log [in /home/kadajko/code/python/fruit-store/fruitst/__init__.py:53]
2020-07-10 00:17:47,833 ERROR: Start api services error log [in /home/kadajko/code/python/fruit-store/fruitst/__init__.py:53]
2020-07-10 00:17:47,833 ERROR: Start api services error log [in /home/kadajko/code/python/fruit-store/fruitst/__init__.py:53]
2020-07-10 00:18:30,589 ERROR: Start api services error log [in /home/kadajko/code/python/fruit-store/fruitst/__init__.py:53]
2020-07-10 00:18:30,589 ERROR: Start api services error log [in /home/kadajko/code/python/fruit-store/fruitst/__init__.py:53]
2020-07-10 00:18:31,419 ERROR: Start api services error log [in /home/kadajko/code/python/fruit-store/fruitst/__init__.py:53]
2020-07-10 00:18:31,419 ERROR: Start api services error log [in /home/kadajko/code/python/fruit-store/fruitst/__init__.py:53]
2020-07-10 21:17:44,840 ERROR: Start api services error log [in /home/kadajko/code/python/fruit-store/fruitst/__init__.py:53]
2020-07-10 21:17:44,840 ERROR: Start api services error log [in /home/kadajko/code/python/fruit-store/fruitst/__init__.py:53]
2020-07-10 21:17:45,568 ERROR: Start api services error log [in /home/kadajko/code/python/fruit-store/fruitst/__init__.py:53]
2020-07-10 21:17:45,568 ERROR: Start api services error log [in /home/kadajko/code/python/fruit-store/fruitst/__init__.py:53]
2020-07-10 21:18:40,179 ERROR: Start api services error log [in /home/kadajko/code/python/fruit-store/fruitst/__init__.py:53]
2020-07-10 21:18:40,179 ERROR: Start api services error log [in /home/kadajko/code/python/fruit-store/fruitst/__init__.py:53]
2020-07-10 21:19:44,878 ERROR: Start api services error log [in /home/kadajko/code/python/fruit-store/fruitst/__init__.py:54]
2020-07-10 21:19:44,878 ERROR: Start api services error log [in /home/kadajko/code/python/fruit-store/fruitst/__init__.py:54]
2020-07-10 21:19:52,314 ERROR: Start api services error log [in /home/kadajko/code/python/fruit-store/fruitst/__init__.py:54]
2020-07-10 21:19:52,314 ERROR: Start api services error log [in /home/kadajko/code/python/fruit-store/fruitst/__init__.py:54]
2020-07-10 21:19:53,037 ERROR: Start api services error log [in /home/kadajko/code/python/fruit-store/fruitst/__init__.py:54]
2020-07-10 21:19:53,037 ERROR: Start api services error log [in /home/kadajko/code/python/fruit-store/fruitst/__init__.py:54]
2020-07-10 21:43:08,435 ERROR: Start api services error log [in /home/kadajko/code/python/fruit-store/fruitst/__init__.py:54]
2020-07-10 21:43:08,435 ERROR: Start api services error log [in /home/kadajko/code/python/fruit-store/fruitst/__init__.py:54]
2020-07-10 21:43:09,204 ERROR: Start api services error log [in /home/kadajko/code/python/fruit-store/fruitst/__init__.py:54]
2020-07-10 21:43:09,204 ERROR: Start api services error log [in /home/kadajko/code/python/fruit-store/fruitst/__init__.py:54]
2020-07-10 21:43:34,485 ERROR: Start api services error log [in /home/kadajko/code/python/fruit-store/fruitst/__init__.py:54]
2020-07-10 21:43:34,485 ERROR: Start api services error log [in /home/kadajko/code/python/fruit-store/fruitst/__init__.py:54]
2020-07-10 21:45:23,976 ERROR: Start api services error log [in /home/kadajko/code/python/fruit-store/fruitst/__init__.py:54]
2020-07-10 21:45:23,976 ERROR: Start api services error log [in /home/kadajko/code/python/fruit-store/fruitst/__init__.py:54]
2020-07-10 22:04:24,751 ERROR: Start api services error log [in /home/kadajko/code/python/fruit-store/fruitst/__init__.py:54]
2020-07-10 22:04:24,751 ERROR: Start api services error log [in /home/kadajko/code/python/fruit-store/fruitst/__init__.py:54]
2020-07-10 22:04:25,507 ERROR: Start api services error log [in /home/kadajko/code/python/fruit-store/fruitst/__init__.py:54]
2020-07-10 22:04:25,507 ERROR: Start api services error log [in /home/kadajko/code/python/fruit-store/fruitst/__init__.py:54]
2020-07-10 22:06:21,055 ERROR: Start api services error log [in /home/kadajko/code/python/fruit-store/fruitst/__init__.py:54]
2020-07-10 22:06:21,055 ERROR: Start api services error log [in /home/kadajko/code/python/fruit-store/fruitst/__init__.py:54]
2020-07-10 22:27:23,643 ERROR: Start api services error log [in /home/kadajko/code/python/fruit-store/fruitst/__init__.py:54]
2020-07-10 22:27:23,643 ERROR: Start api services error log [in /home/kadajko/code/python/fruit-store/fruitst/__init__.py:54]
2020-07-10 22:27:26,321 ERROR: Start api services error log [in /home/kadajko/code/python/fruit-store/fruitst/__init__.py:54]
2020-07-10 22:27:26,321 ERROR: Start api services error log [in /home/kadajko/code/python/fruit-store/fruitst/__init__.py:54]
2020-07-10 22:34:52,534 ERROR: Start api services error log [in /home/kadajko/code/python/fruit-store/fruitst/__init__.py:54]
2020-07-10 22:34:52,534 ERROR: Start api services error log [in /home/kadajko/code/python/fruit-store/fruitst/__init__.py:54]
2020-07-10 22:36:39,887 ERROR: Start api services error log [in /home/kadajko/code/python/fruit-store/fruitst/__init__.py:54]
2020-07-10 22:36:39,887 ERROR: Start api services error log [in /home/kadajko/code/python/fruit-store/fruitst/__init__.py:54]
2020-07-10 22:37:56,294 ERROR: Start api services error log [in /home/kadajko/code/python/fruit-store/fruitst/__init__.py:54]
2020-07-10 22:37:56,294 ERROR: Start api services error log [in /home/kadajko/code/python/fruit-store/fruitst/__init__.py:54]
2020-07-10 22:37:58,788 ERROR: Start api services error log [in /home/kadajko/code/python/fruit-store/fruitst/__init__.py:54]
2020-07-10 22:37:58,788 ERROR: Start api services error log [in /home/kadajko/code/python/fruit-store/fruitst/__init__.py:54]
2020-07-10 22:44:16,243 ERROR: Start api services error log [in /home/kadajko/code/python/fruit-store/fruitst/__init__.py:53]
2020-07-10 22:44:16,243 ERROR: Start api services error log [in /home/kadajko/code/python/fruit-store/fruitst/__init__.py:53]
2020-07-10 22:44:17,049 ERROR: Start api services error log [in /home/kadajko/code/python/fruit-store/fruitst/__init__.py:53]
2020-07-10 22:44:17,049 ERROR: Start api services error log [in /home/kadajko/code/python/fruit-store/fruitst/__init__.py:53]
2020-07-10 22:44:59,047 ERROR: Start api services error log [in /home/kadajko/code/python/fruit-store/fruitst/__init__.py:53]
2020-07-10 22:44:59,047 ERROR: Start api services error log [in /home/kadajko/code/python/fruit-store/fruitst/__init__.py:53]
2020-07-10 22:44:59,864 ERROR: Start api services error log [in /home/kadajko/code/python/fruit-store/fruitst/__init__.py:53]
2020-07-10 22:44:59,864 ERROR: Start api services error log [in /home/kadajko/code/python/fruit-store/fruitst/__init__.py:53]
2020-07-10 22:45:39,506 ERROR: Start api services error log [in /home/kadajko/code/python/fruit-store/fruitst/__init__.py:53]
2020-07-10 22:45:39,506 ERROR: Start api services error log [in /home/kadajko/code/python/fruit-store/fruitst/__init__.py:53]
2020-07-10 22:47:05,703 ERROR: Start api services error log [in /home/kadajko/code/python/fruit-store/fruitst/__init__.py:84]
2020-07-10 22:47:05,703 ERROR: Start api services error log [in /home/kadajko/code/python/fruit-store/fruitst/__init__.py:84]
2020-07-10 22:47:21,834 ERROR: Start api services error log [in /home/kadajko/code/python/fruit-store/fruitst/__init__.py:84]
2020-07-10 22:47:21,834 ERROR: Start api services error log [in /home/kadajko/code/python/fruit-store/fruitst/__init__.py:84]
2020-07-10 22:47:24,362 ERROR: Start api services error log [in /home/kadajko/code/python/fruit-store/fruitst/__init__.py:84]
2020-07-10 22:47:24,362 ERROR: Start api services error log [in /home/kadajko/code/python/fruit-store/fruitst/__init__.py:84]
2020-07-10 22:47:25,248 ERROR: Start api services error log [in /home/kadajko/code/python/fruit-store/fruitst/__init__.py:84]
2020-07-10 22:47:25,248 ERROR: Start api services error log [in /home/kadajko/code/python/fruit-store/fruitst/__init__.py:84]
2020-07-10 22:47:53,625 ERROR: Start api services error log [in /home/kadajko/code/python/fruit-store/fruitst/__init__.py:84]
2020-07-10 22:47:53,625 ERROR: Start api services error log [in /home/kadajko/code/python/fruit-store/fruitst/__init__.py:84]
2020-07-10 22:48:24,940 ERROR: Start api services error log [in /home/kadajko/code/python/fruit-store/fruitst/__init__.py:53]
2020-07-10 22:48:24,940 ERROR: Start api services error log [in /home/kadajko/code/python/fruit-store/fruitst/__init__.py:53]
2020-07-10 22:49:31,851 ERROR: Start api services error log [in /home/kadajko/code/python/fruit-store/fruitst/__init__.py:53]
2020-07-10 22:49:31,851 ERROR: Start api services error log [in /home/kadajko/code/python/fruit-store/fruitst/__init__.py:53]
2020-07-10 22:49:36,888 ERROR: Start api services error log [in /home/kadajko/code/python/fruit-store/fruitst/__init__.py:53]
2020-07-10 22:49:36,888 ERROR: Start api services error log [in /home/kadajko/code/python/fruit-store/fruitst/__init__.py:53]
2020-07-10 23:55:40,397 ERROR: Start api services error log [in /home/kadajko/code/python/fruit-store/fruitst/__init__.py:53]
2020-07-10 23:55:40,397 ERROR: Start api services error log [in /home/kadajko/code/python/fruit-store/fruitst/__init__.py:53]
2020-07-10 23:55:41,334 ERROR: Start api services error log [in /home/kadajko/code/python/fruit-store/fruitst/__init__.py:53]
2020-07-10 23:55:41,334 ERROR: Start api services error log [in /home/kadajko/code/python/fruit-store/fruitst/__init__.py:53]
2020-07-10 23:56:28,051 ERROR: Start api services error log [in /home/kadajko/code/python/fruit-store/fruitst/__init__.py:53]
2020-07-10 23:56:28,051 ERROR: Start api services error log [in /home/kadajko/code/python/fruit-store/fruitst/__init__.py:53]
2020-07-10 23:57:03,519 ERROR: Start api services error log [in /home/kadajko/code/python/fruit-store/fruitst/__init__.py:53]
2020-07-10 23:57:03,519 ERROR: Start api services error log [in /home/kadajko/code/python/fruit-store/fruitst/__init__.py:53]
2020-07-10 23:57:20,737 ERROR: Start api services error log [in /home/kadajko/code/python/fruit-store/fruitst/__init__.py:53]
2020-07-10 23:57:20,737 ERROR: Start api services error log [in /home/kadajko/code/python/fruit-store/fruitst/__init__.py:53]
2020-07-10 23:57:22,258 ERROR: Start api services error log [in /home/kadajko/code/python/fruit-store/fruitst/__init__.py:53]
2020-07-10 23:57:22,258 ERROR: Start api services error log [in /home/kadajko/code/python/fruit-store/fruitst/__init__.py:53]
2020-07-10 23:57:23,208 ERROR: Start api services error log [in /home/kadajko/code/python/fruit-store/fruitst/__init__.py:53]
2020-07-10 23:57:23,208 ERROR: Start api services error log [in /home/kadajko/code/python/fruit-store/fruitst/__init__.py:53]
2020-07-10 23:58:59,754 ERROR: Start api services error log [in /home/kadajko/code/python/fruit-store/fruitst/__init__.py:53]
2020-07-10 23:58:59,754 ERROR: Start api services error log [in /home/kadajko/code/python/fruit-store/fruitst/__init__.py:53]
2020-07-10 23:59:02,716 ERROR: Start api services error log [in /home/kadajko/code/python/fruit-store/fruitst/__init__.py:53]
2020-07-10 23:59:02,716 ERROR: Start api services error log [in /home/kadajko/code/python/fruit-store/fruitst/__init__.py:53]
2020-07-11 00:01:57,415 ERROR: Start api services error log [in /home/kadajko/code/python/fruit-store/fruitst/__init__.py:53]
2020-07-11 00:01:57,415 ERROR: Start api services error log [in /home/kadajko/code/python/fruit-store/fruitst/__init__.py:53]
2020-07-11 00:02:17,776 ERROR: Start api services error log [in /home/kadajko/code/python/fruit-store/fruitst/__init__.py:53]
2020-07-11 00:02:17,776 ERROR: Start api services error log [in /home/kadajko/code/python/fruit-store/fruitst/__init__.py:53]
2020-07-11 00:02:20,294 ERROR: Start api services error log [in /home/kadajko/code/python/fruit-store/fruitst/__init__.py:53]
2020-07-11 00:02:20,294 ERROR: Start api services error log [in /home/kadajko/code/python/fruit-store/fruitst/__init__.py:53]
2020-07-11 00:04:10,131 ERROR: Start api services error log [in /home/kadajko/code/python/fruit-store/fruitst/__init__.py:53]
2020-07-11 00:04:10,131 ERROR: Start api services error log [in /home/kadajko/code/python/fruit-store/fruitst/__init__.py:53]
2020-07-11 00:04:30,485 ERROR: Start api services error log [in /home/kadajko/code/python/fruit-store/fruitst/__init__.py:53]
2020-07-11 00:04:30,485 ERROR: Start api services error log [in /home/kadajko/code/python/fruit-store/fruitst/__init__.py:53]
2020-07-11 00:04:33,106 ERROR: Start api services error log [in /home/kadajko/code/python/fruit-store/fruitst/__init__.py:53]
2020-07-11 00:04:33,106 ERROR: Start api services error log [in /home/kadajko/code/python/fruit-store/fruitst/__init__.py:53]
2020-07-11 00:06:30,210 ERROR: Start api services error log [in /home/kadajko/code/python/fruit-store/fruitst/__init__.py:53]
2020-07-11 00:06:30,210 ERROR: Start api services error log [in /home/kadajko/code/python/fruit-store/fruitst/__init__.py:53]
2020-07-11 00:07:43,557 ERROR: Start api services error log [in /home/kadajko/code/python/fruit-store/fruitst/__init__.py:53]
2020-07-11 00:07:43,557 ERROR: Start api services error log [in /home/kadajko/code/python/fruit-store/fruitst/__init__.py:53]
2020-07-11 00:08:04,710 ERROR: Start api services error log [in /home/kadajko/code/python/fruit-store/fruitst/__init__.py:53]
2020-07-11 00:08:04,710 ERROR: Start api services error log [in /home/kadajko/code/python/fruit-store/fruitst/__init__.py:53]
2020-07-11 00:08:19,462 ERROR: Start api services error log [in /home/kadajko/code/python/fruit-store/fruitst/__init__.py:53]
2020-07-11 00:08:19,462 ERROR: Start api services error log [in /home/kadajko/code/python/fruit-store/fruitst/__init__.py:53]
2020-07-11 00:08:21,893 ERROR: Start api services error log [in /home/kadajko/code/python/fruit-store/fruitst/__init__.py:53]
2020-07-11 00:08:21,893 ERROR: Start api services error log [in /home/kadajko/code/python/fruit-store/fruitst/__init__.py:53]
2020-07-11 00:19:53,514 ERROR: Start api services error log [in /home/kadajko/code/python/fruit-store/fruitst/__init__.py:53]
2020-07-11 00:19:53,514 ERROR: Start api services error log [in /home/kadajko/code/python/fruit-store/fruitst/__init__.py:53]
2020-07-11 00:19:56,156 ERROR: Start api services error log [in /home/kadajko/code/python/fruit-store/fruitst/__init__.py:53]
2020-07-11 00:19:56,156 ERROR: Start api services error log [in /home/kadajko/code/python/fruit-store/fruitst/__init__.py:53]
2020-07-11 00:23:32,986 ERROR: Start api services error log [in /home/kadajko/code/python/fruit-store/fruitst/__init__.py:53]
2020-07-11 00:23:32,986 ERROR: Start api services error log [in /home/kadajko/code/python/fruit-store/fruitst/__init__.py:53]
2020-07-11 00:28:45,085 ERROR: Start api services error log [in /home/kadajko/code/python/fruit-store/fruitst/__init__.py:53]
2020-07-11 00:28:45,085 ERROR: Start api services error log [in /home/kadajko/code/python/fruit-store/fruitst/__init__.py:53]
2020-07-11 00:28:47,622 ERROR: Start api services error log [in /home/kadajko/code/python/fruit-store/fruitst/__init__.py:53]
2020-07-11 00:28:47,622 ERROR: Start api services error log [in /home/kadajko/code/python/fruit-store/fruitst/__init__.py:53]
2020-07-11 00:30:50,180 ERROR: Start api services error log [in /home/kadajko/code/python/fruit-store/fruitst/__init__.py:53]
2020-07-11 00:30:50,180 ERROR: Start api services error log [in /home/kadajko/code/python/fruit-store/fruitst/__init__.py:53]
2020-07-11 00:30:52,602 ERROR: Start api services error log [in /home/kadajko/code/python/fruit-store/fruitst/__init__.py:53]
2020-07-11 00:30:52,602 ERROR: Start api services error log [in /home/kadajko/code/python/fruit-store/fruitst/__init__.py:53]
2020-07-11 00:36:58,472 ERROR: Start api services error log [in /home/kadajko/code/python/fruit-store/fruitst/__init__.py:53]
2020-07-11 00:36:58,472 ERROR: Start api services error log [in /home/kadajko/code/python/fruit-store/fruitst/__init__.py:53]
2020-07-11 00:36:59,379 ERROR: Start api services error log [in /home/kadajko/code/python/fruit-store/fruitst/__init__.py:53]
2020-07-11 00:36:59,379 ERROR: Start api services error log [in /home/kadajko/code/python/fruit-store/fruitst/__init__.py:53]
2020-07-11 00:37:59,998 ERROR: Start api services error log [in /home/kadajko/code/python/fruit-store/fruitst/__init__.py:53]
2020-07-11 00:37:59,998 ERROR: Start api services error log [in /home/kadajko/code/python/fruit-store/fruitst/__init__.py:53]
2020-07-11 00:38:00,857 ERROR: Start api services error log [in /home/kadajko/code/python/fruit-store/fruitst/__init__.py:53]
2020-07-11 00:38:00,857 ERROR: Start api services error log [in /home/kadajko/code/python/fruit-store/fruitst/__init__.py:53]
2020-07-11 00:38:30,556 ERROR: Start api services error log [in /home/kadajko/code/python/fruit-store/fruitst/__init__.py:53]
2020-07-11 00:38:30,556 ERROR: Start api services error log [in /home/kadajko/code/python/fruit-store/fruitst/__init__.py:53]
2020-07-11 00:41:09,169 ERROR: Start api services error log [in /home/kadajko/code/python/fruit-store/fruitst/__init__.py:53]
2020-07-11 00:41:09,169 ERROR: Start api services error log [in /home/kadajko/code/python/fruit-store/fruitst/__init__.py:53]
2020-07-11 00:41:10,130 ERROR: Start api services error log [in /home/kadajko/code/python/fruit-store/fruitst/__init__.py:53]
2020-07-11 00:41:10,130 ERROR: Start api services error log [in /home/kadajko/code/python/fruit-store/fruitst/__init__.py:53]
2020-07-11 00:41:43,689 ERROR: Start api services error log [in /home/kadajko/code/python/fruit-store/fruitst/__init__.py:53]
2020-07-11 00:41:43,689 ERROR: Start api services error log [in /home/kadajko/code/python/fruit-store/fruitst/__init__.py:53]
2020-07-11 00:41:46,518 ERROR: Start api services error log [in /home/kadajko/code/python/fruit-store/fruitst/__init__.py:53]
2020-07-11 00:41:46,518 ERROR: Start api services error log [in /home/kadajko/code/python/fruit-store/fruitst/__init__.py:53]
2020-07-11 00:44:48,436 ERROR: Start api services error log [in /home/kadajko/code/python/fruit-store/fruitst/__init__.py:53]
2020-07-11 00:44:48,436 ERROR: Start api services error log [in /home/kadajko/code/python/fruit-store/fruitst/__init__.py:53]
2020-07-11 00:44:49,370 ERROR: Start api services error log [in /home/kadajko/code/python/fruit-store/fruitst/__init__.py:53]
2020-07-11 00:44:49,370 ERROR: Start api services error log [in /home/kadajko/code/python/fruit-store/fruitst/__init__.py:53]
2020-07-11 00:45:29,005 ERROR: Start api services error log [in /home/kadajko/code/python/fruit-store/fruitst/__init__.py:53]
2020-07-11 00:45:29,005 ERROR: Start api services error log [in /home/kadajko/code/python/fruit-store/fruitst/__init__.py:53]
2020-07-11 00:45:58,521 ERROR: Start api services error log [in /home/kadajko/code/python/fruit-store/fruitst/__init__.py:53]
2020-07-11 00:45:58,521 ERROR: Start api services error log [in /home/kadajko/code/python/fruit-store/fruitst/__init__.py:53]
2020-07-11 00:47:10,648 ERROR: Start api services error log [in /home/kadajko/code/python/fruit-store/fruitst/__init__.py:53]
2020-07-11 00:47:10,648 ERROR: Start api services error log [in /home/kadajko/code/python/fruit-store/fruitst/__init__.py:53]
2020-07-11 00:47:37,632 ERROR: Start api services error log [in /home/kadajko/code/python/fruit-store/fruitst/__init__.py:53]
2020-07-11 00:47:37,632 ERROR: Start api services error log [in /home/kadajko/code/python/fruit-store/fruitst/__init__.py:53]
2020-07-11 00:53:30,472 ERROR: Start api services error log [in /home/kadajko/code/python/fruit-store/fruitst/__init__.py:53]
2020-07-11 00:53:30,472 ERROR: Start api services error log [in /home/kadajko/code/python/fruit-store/fruitst/__init__.py:53]
2020-07-11 00:53:42,150 ERROR: Start api services error log [in /home/kadajko/code/python/fruit-store/fruitst/__init__.py:53]
2020-07-11 00:53:42,150 ERROR: Start api services error log [in /home/kadajko/code/python/fruit-store/fruitst/__init__.py:53]
2020-07-11 00:53:45,011 ERROR: Start api services error log [in /home/kadajko/code/python/fruit-store/fruitst/__init__.py:53]
2020-07-11 00:53:45,011 ERROR: Start api services error log [in /home/kadajko/code/python/fruit-store/fruitst/__init__.py:53]
2020-07-11 00:55:02,922 ERROR: Start api services error log [in /home/kadajko/code/python/fruit-store/fruitst/__init__.py:53]
2020-07-11 00:55:02,922 ERROR: Start api services error log [in /home/kadajko/code/python/fruit-store/fruitst/__init__.py:53]
2020-07-11 00:55:51,798 ERROR: Start api services error log [in /home/kadajko/code/python/fruit-store/fruitst/__init__.py:53]
2020-07-11 00:55:51,798 ERROR: Start api services error log [in /home/kadajko/code/python/fruit-store/fruitst/__init__.py:53]
2020-07-11 00:56:26,681 ERROR: Start api services error log [in /home/kadajko/code/python/fruit-store/fruitst/__init__.py:53]
2020-07-11 00:56:26,681 ERROR: Start api services error log [in /home/kadajko/code/python/fruit-store/fruitst/__init__.py:53]
2020-07-11 00:57:23,545 ERROR: Start api services error log [in /home/kadajko/code/python/fruit-store/fruitst/__init__.py:53]
2020-07-11 00:57:23,545 ERROR: Start api services error log [in /home/kadajko/code/python/fruit-store/fruitst/__init__.py:53]
2020-07-11 00:58:10,876 ERROR: Start api services error log [in /home/kadajko/code/python/fruit-store/fruitst/__init__.py:53]
2020-07-11 00:58:10,876 ERROR: Start api services error log [in /home/kadajko/code/python/fruit-store/fruitst/__init__.py:53]
2020-07-11 01:02:33,906 ERROR: Start api services error log [in /home/kadajko/code/python/fruit-store/fruitst/__init__.py:53]
2020-07-11 01:02:33,906 ERROR: Start api services error log [in /home/kadajko/code/python/fruit-store/fruitst/__init__.py:53]
2020-07-11 01:03:28,588 ERROR: Start api services error log [in /home/kadajko/code/python/fruit-store/fruitst/__init__.py:53]
2020-07-11 01:03:28,588 ERROR: Start api services error log [in /home/kadajko/code/python/fruit-store/fruitst/__init__.py:53]
2020-07-11 01:05:56,031 ERROR: Start api services error log [in /home/kadajko/code/python/fruit-store/fruitst/__init__.py:53]
2020-07-11 01:05:56,031 ERROR: Start api services error log [in /home/kadajko/code/python/fruit-store/fruitst/__init__.py:53]
2020-07-11 01:08:28,420 ERROR: Start api services error log [in /home/kadajko/code/python/fruit-store/fruitst/__init__.py:53]
2020-07-11 01:08:28,420 ERROR: Start api services error log [in /home/kadajko/code/python/fruit-store/fruitst/__init__.py:53]
2020-07-11 01:08:31,352 ERROR: Start api services error log [in /home/kadajko/code/python/fruit-store/fruitst/__init__.py:53]
2020-07-11 01:08:31,352 ERROR: Start api services error log [in /home/kadajko/code/python/fruit-store/fruitst/__init__.py:53]
2020-07-11 01:12:25,420 ERROR: Start api services error log [in /home/kadajko/code/python/fruit-store/fruitst/__init__.py:53]
2020-07-11 01:12:25,420 ERROR: Start api services error log [in /home/kadajko/code/python/fruit-store/fruitst/__init__.py:53]
2020-07-11 01:19:21,461 ERROR: Start api services error log [in /home/kadajko/code/python/fruit-store/fruitst/__init__.py:53]
2020-07-11 01:19:21,461 ERROR: Start api services error log [in /home/kadajko/code/python/fruit-store/fruitst/__init__.py:53]
2020-07-11 01:21:31,572 ERROR: Start api services error log [in /home/kadajko/code/python/fruit-store/fruitst/__init__.py:53]
2020-07-11 01:21:31,572 ERROR: Start api services error log [in /home/kadajko/code/python/fruit-store/fruitst/__init__.py:53]
2020-07-11 01:23:18,634 ERROR: Start api services error log [in /home/kadajko/code/python/fruit-store/fruitst/__init__.py:53]
2020-07-11 01:23:18,634 ERROR: Start api services error log [in /home/kadajko/code/python/fruit-store/fruitst/__init__.py:53]
2020-07-11 01:24:42,878 ERROR: Start api services error log [in /home/kadajko/code/python/fruit-store/fruitst/__init__.py:53]
2020-07-11 01:24:42,878 ERROR: Start api services error log [in /home/kadajko/code/python/fruit-store/fruitst/__init__.py:53]
2020-07-11 01:25:24,410 ERROR: Start api services error log [in /home/kadajko/code/python/fruit-store/fruitst/__init__.py:53]
2020-07-11 01:25:24,410 ERROR: Start api services error log [in /home/kadajko/code/python/fruit-store/fruitst/__init__.py:53]
2020-07-11 01:25:27,376 ERROR: Start api services error log [in /home/kadajko/code/python/fruit-store/fruitst/__init__.py:53]
2020-07-11 01:25:27,376 ERROR: Start api services error log [in /home/kadajko/code/python/fruit-store/fruitst/__init__.py:53]
2020-07-11 01:26:42,811 ERROR: Start api services error log [in /home/kadajko/code/python/fruit-store/fruitst/__init__.py:53]
2020-07-11 01:26:42,811 ERROR: Start api services error log [in /home/kadajko/code/python/fruit-store/fruitst/__init__.py:53]
2020-07-11 01:28:05,486 ERROR: Start api services error log [in /home/kadajko/code/python/fruit-store/fruitst/__init__.py:53]
2020-07-11 01:28:05,486 ERROR: Start api services error log [in /home/kadajko/code/python/fruit-store/fruitst/__init__.py:53]
2020-07-11 01:32:34,411 ERROR: Start api services error log [in /home/kadajko/code/python/fruit-store/fruitst/__init__.py:53]
2020-07-11 01:32:34,411 ERROR: Start api services error log [in /home/kadajko/code/python/fruit-store/fruitst/__init__.py:53]
2020-07-11 01:56:23,945 ERROR: Start api services error log [in /home/kadajko/code/python/fruit-store/fruitst/__init__.py:53]
2020-07-11 01:56:23,945 ERROR: Start api services error log [in /home/kadajko/code/python/fruit-store/fruitst/__init__.py:53]
2020-07-11 01:56:26,680 ERROR: Start api services error log [in /home/kadajko/code/python/fruit-store/fruitst/__init__.py:53]
2020-07-11 01:56:26,680 ERROR: Start api services error log [in /home/kadajko/code/python/fruit-store/fruitst/__init__.py:53]
2020-07-11 01:58:30,875 ERROR: Start api services error log [in /home/kadajko/code/python/fruit-store/fruitst/__init__.py:53]
2020-07-11 01:58:30,875 ERROR: Start api services error log [in /home/kadajko/code/python/fruit-store/fruitst/__init__.py:53]
2020-07-11 01:59:42,819 ERROR: Start api services error log [in /home/kadajko/code/python/fruit-store/fruitst/__init__.py:53]
2020-07-11 01:59:42,819 ERROR: Start api services error log [in /home/kadajko/code/python/fruit-store/fruitst/__init__.py:53]
2020-07-11 01:59:45,574 ERROR: Start api services error log [in /home/kadajko/code/python/fruit-store/fruitst/__init__.py:53]
2020-07-11 01:59:45,574 ERROR: Start api services error log [in /home/kadajko/code/python/fruit-store/fruitst/__init__.py:53]
2020-07-11 02:00:48,709 ERROR: Start api services error log [in /home/kadajko/code/python/fruit-store/fruitst/__init__.py:53]
2020-07-11 02:00:48,709 ERROR: Start api services error log [in /home/kadajko/code/python/fruit-store/fruitst/__init__.py:53]
2020-07-11 02:02:33,650 ERROR: Start api services error log [in /home/kadajko/code/python/fruit-store/fruitst/__init__.py:53]
2020-07-11 02:02:33,650 ERROR: Start api services error log [in /home/kadajko/code/python/fruit-store/fruitst/__init__.py:53]
2020-07-11 02:02:36,451 ERROR: Start api services error log [in /home/kadajko/code/python/fruit-store/fruitst/__init__.py:53]
2020-07-11 02:02:36,451 ERROR: Start api services error log [in /home/kadajko/code/python/fruit-store/fruitst/__init__.py:53]
2020-07-11 02:02:54,941 ERROR: Start api services error log [in /home/kadajko/code/python/fruit-store/fruitst/__init__.py:53]
2020-07-11 02:02:54,941 ERROR: Start api services error log [in /home/kadajko/code/python/fruit-store/fruitst/__init__.py:53]
2020-07-11 02:03:35,102 ERROR: Start api services error log [in /home/kadajko/code/python/fruit-store/fruitst/__init__.py:53]
2020-07-11 02:03:35,102 ERROR: Start api services error log [in /home/kadajko/code/python/fruit-store/fruitst/__init__.py:53]
2020-07-11 02:05:01,867 ERROR: Start api services error log [in /home/kadajko/code/python/fruit-store/fruitst/__init__.py:53]
2020-07-11 02:05:01,867 ERROR: Start api services error log [in /home/kadajko/code/python/fruit-store/fruitst/__init__.py:53]
2020-07-11 02:16:40,870 ERROR: Start api services error log [in /home/kadajko/code/python/fruit-store/fruitst/__init__.py:55]
2020-07-11 02:16:40,870 ERROR: Start api services error log [in /home/kadajko/code/python/fruit-store/fruitst/__init__.py:55]
2020-07-11 02:16:43,841 ERROR: Start api services error log [in /home/kadajko/code/python/fruit-store/fruitst/__init__.py:55]
2020-07-11 02:16:43,841 ERROR: Start api services error log [in /home/kadajko/code/python/fruit-store/fruitst/__init__.py:55]
2020-07-11 08:09:08,651 ERROR: Start api services error log [in /home/kadajko/code/python/fruit-store/fruitst/__init__.py:55]
2020-07-11 08:09:08,651 ERROR: Start api services error log [in /home/kadajko/code/python/fruit-store/fruitst/__init__.py:55]
2020-07-11 08:09:09,498 ERROR: Start api services error log [in /home/kadajko/code/python/fruit-store/fruitst/__init__.py:55]
2020-07-11 08:09:09,498 ERROR: Start api services error log [in /home/kadajko/code/python/fruit-store/fruitst/__init__.py:55]
2020-07-11 08:12:41,541 ERROR: Start api services error log [in /home/kadajko/code/python/fruit-store/fruitst/__init__.py:55]
2020-07-11 08:12:41,541 ERROR: Start api services error log [in /home/kadajko/code/python/fruit-store/fruitst/__init__.py:55]
2020-07-11 08:12:42,297 ERROR: Start api services error log [in /home/kadajko/code/python/fruit-store/fruitst/__init__.py:55]
2020-07-11 08:12:42,297 ERROR: Start api services error log [in /home/kadajko/code/python/fruit-store/fruitst/__init__.py:55]
2020-07-11 08:13:37,019 ERROR: Start api services error log [in /home/kadajko/code/python/fruit-store/fruitst/__init__.py:55]
2020-07-11 08:13:37,019 ERROR: Start api services error log [in /home/kadajko/code/python/fruit-store/fruitst/__init__.py:55]
2020-07-11 08:14:46,573 ERROR: Start api services error log [in /home/kadajko/code/python/fruit-store/fruitst/__init__.py:56]
2020-07-11 08:14:46,573 ERROR: Start api services error log [in /home/kadajko/code/python/fruit-store/fruitst/__init__.py:56]
2020-07-11 08:14:47,378 ERROR: Start api services error log [in /home/kadajko/code/python/fruit-store/fruitst/__init__.py:56]
2020-07-11 08:14:47,378 ERROR: Start api services error log [in /home/kadajko/code/python/fruit-store/fruitst/__init__.py:56]
2020-07-11 08:14:50,303 ERROR: (psycopg2.OperationalError) could not connect to server: Connection refused
	Is the server running on host "localhost" (127.0.0.1) and accepting
	TCP/IP connections on port 5432?

(Background on this error at: http://sqlalche.me/e/13/e3q8) [in /home/kadajko/code/python/fruit-store/fruitst/__init__.py:62]
2020-07-11 08:14:50,303 ERROR: (psycopg2.OperationalError) could not connect to server: Connection refused
	Is the server running on host "localhost" (127.0.0.1) and accepting
	TCP/IP connections on port 5432?

(Background on this error at: http://sqlalche.me/e/13/e3q8) [in /home/kadajko/code/python/fruit-store/fruitst/__init__.py:62]
2020-07-11 08:16:46,690 ERROR: Start api services error log [in /home/kadajko/code/python/fruit-store/fruitst/__init__.py:56]
2020-07-11 08:16:46,690 ERROR: Start api services error log [in /home/kadajko/code/python/fruit-store/fruitst/__init__.py:56]
2020-07-11 08:16:47,532 ERROR: Start api services error log [in /home/kadajko/code/python/fruit-store/fruitst/__init__.py:56]
2020-07-11 08:16:47,532 ERROR: Start api services error log [in /home/kadajko/code/python/fruit-store/fruitst/__init__.py:56]
2020-07-11 08:18:35,454 ERROR: Start api services error log [in /home/kadajko/code/python/fruit-store/fruitst/__init__.py:56]
2020-07-11 08:18:35,454 ERROR: Start api services error log [in /home/kadajko/code/python/fruit-store/fruitst/__init__.py:56]
2020-07-11 08:18:36,331 ERROR: Start api services error log [in /home/kadajko/code/python/fruit-store/fruitst/__init__.py:56]
2020-07-11 08:18:36,331 ERROR: Start api services error log [in /home/kadajko/code/python/fruit-store/fruitst/__init__.py:56]
